<?xml version="1.0" encoding="UTF-8"?>
<!-- Generated by org.testng.reporters.JUnitReportReporter -->
<testsuite hostname="DESKTOP-FKNGKR0" name="homepageTests.DataProviderTest" tests="4" failures="0" timestamp="24 Jun 2017 22:03:26 GMT" time="107.412" errors="0">
  <testcase name="TestNameTextfield" time="7.450" classname="homepageTests.DataProviderTest"/>
  <testcase name="TestNameTextfield" time="48.815" classname="homepageTests.DataProviderTest"/>
  <testcase name="TestNameTextfield" time="7.533" classname="homepageTests.DataProviderTest"/>
  <testcase name="TestNameTextfield" time="43.614" classname="homepageTests.DataProviderTest"/>
</testsuite> <!-- homepageTests.DataProviderTest -->
