<?xml version="1.0" encoding="UTF-8"?>
<!-- Generated by org.testng.reporters.JUnitReportReporter -->
<testsuite hostname="DESKTOP-FKNGKR0" name="mailboxTests.MailboxTestSuite" tests="1" failures="0" timestamp="24 Jun 2017 22:03:26 GMT" time="48.663" errors="0">
  <testcase name="MailCheckerTest" time="48.663" classname="mailboxTests.MailboxTestSuite"/>
</testsuite> <!-- mailboxTests.MailboxTestSuite -->
