<?xml version="1.0" encoding="UTF-8"?>
<!-- Generated by org.testng.reporters.JUnitReportReporter -->
<testsuite hostname="DESKTOP-FKNGKR0" name="homepageTests.HomePageTestSuite" tests="1" failures="0" timestamp="24 Jun 2017 22:03:26 GMT" time="2.913" errors="0">
  <testcase name="TestLogoPresence" time="2.913" classname="homepageTests.HomePageTestSuite"/>
</testsuite> <!-- homepageTests.HomePageTestSuite -->
