<?xml version="1.0" encoding="UTF-8"?>
<!-- Generated by org.testng.reporters.JUnitReportReporter -->
<testsuite hostname="DESKTOP-FKNGKR0" name="registrationTests.RegistrationTestSuite" tests="2" failures="0" timestamp="24 Jun 2017 22:03:26 GMT" time="9.614" errors="0">
  <testcase name="TestRegistration" time="4.370" classname="registrationTests.RegistrationTestSuite"/>
  <testcase name="TestRegistrationValidators" time="5.244" classname="registrationTests.RegistrationTestSuite"/>
</testsuite> <!-- registrationTests.RegistrationTestSuite -->
