<?xml version="1.0" encoding="UTF-8"?>
<!-- Generated by org.testng.reporters.JUnitReportReporter -->
<testsuite hostname="DESKTOP-FKNGKR0" name="loginTests.LoginTestSuite" tests="2" failures="0" timestamp="24 Jun 2017 22:03:26 GMT" time="19.077" errors="0">
  <testcase name="UnexistingLoginTest" time="4.417" classname="loginTests.LoginTestSuite"/>
  <testcase name="CorrectLoginTest" time="14.660" classname="loginTests.LoginTestSuite"/>
</testsuite> <!-- loginTests.LoginTestSuite -->
